<?xml version="1.0" encoding="UTF-8"?>
<testsuite xmlns:xsi="http://www.w3.org/2001/XMLSchema-instance" xsi:noNamespaceSchemaLocation="https://maven.apache.org/surefire/maven-surefire-plugin/xsd/surefire-test-report.xsd" version="3.0.2" name="com.javatechie.LockingDemoApplicationTests" time="11.45" tests="1" errors="0" skipped="0" failures="0">
  <properties>
[...]
</properties>
  <testcase name="contextLoads" classname="com.javatechie.LockingDemoApplicationTests" time="0.914">
    <system-out><![CDATA[12:17:54.546 [main] INFO org.springframework.test.context.support.AnnotationConfigContextLoaderUtils -- Could not detect default configuration classes for test class [com.javatechie.LockingDemoApplicationTests]: LockingDemoApplicationTests does not declare any static, non-private, non-final, nested classes annotated with @Configuration.
12:17:54.690 [main] INFO org.springframework.boot.test.context.SpringBootTestContextBootstrapper -- Found @SpringBootConfiguration com.javatechie.LockingDemoApplication for test class com.javatechie.LockingDemoApplicationTests

  .   ____          _            __ _ _
 /\\ / ___'_ __ _ _(_)_ __  __ _ \ \ \ \
( ( )\___ | '_ | '_| | '_ \/ _` | \ \ \ \
 \\/  ___)| |_)| | | | | || (_| |  ) ) ) )
  '  |____| .__|_| |_|_| |_\__, | / / / /
 =========|_|==============|___/=/_/_/_/

 :: Spring Boot ::                (v3.4.0)

2026-06-22T12:17:55.391+05:30  INFO 12868 --- [locking-demo] [           main] c.j.LockingDemoApplicationTests          : Starting LockingDemoApplicationTests using Java 17.0.19 with PID 12868 (started by yagya in D:\Microservices_Code\database-locking-main\database-locking-main)
2026-06-22T12:17:55.397+05:30  INFO 12868 --- [locking-demo] [           main] c.j.LockingDemoApplicationTests          : No active profile set, falling back to 1 default profile: "default"
2026-06-22T12:17:56.761+05:30  INFO 12868 --- [locking-demo] [           main] .s.d.r.c.RepositoryConfigurationDelegate : Bootstrapping Spring Data JPA repositories in DEFAULT mode.
2026-06-22T12:17:56.846+05:30  INFO 12868 --- [locking-demo] [           main] .s.d.r.c.RepositoryConfigurationDelegate : Finished Spring Data repository scanning in 70 ms. Found 1 JPA repository interface.
2026-06-22T12:17:57.555+05:30  INFO 12868 --- [locking-demo] [           main] o.hibernate.jpa.internal.util.LogHelper  : HHH000204: Processing PersistenceUnitInfo [name: default]
2026-06-22T12:17:57.674+05:30  INFO 12868 --- [locking-demo] [           main] org.hibernate.Version                    : HHH000412: Hibernate ORM core version 6.6.2.Final
2026-06-22T12:17:57.733+05:30  INFO 12868 --- [locking-demo] [           main] o.h.c.internal.RegionFactoryInitiator    : HHH000026: Second-level cache disabled
2026-06-22T12:17:58.285+05:30  INFO 12868 --- [locking-demo] [           main] o.s.o.j.p.SpringPersistenceUnitInfo      : No LoadTimeWeaver setup: ignoring JPA class transformer
2026-06-22T12:17:58.340+05:30  INFO 12868 --- [locking-demo] [           main] com.zaxxer.hikari.HikariDataSource       : HikariPool-1 - Starting...
2026-06-22T12:17:58.830+05:30  INFO 12868 --- [locking-demo] [           main] com.zaxxer.hikari.pool.HikariPool        : HikariPool-1 - Added connection com.mysql.cj.jdbc.ConnectionImpl@6bb46040
2026-06-22T12:17:58.833+05:30  INFO 12868 --- [locking-demo] [           main] com.zaxxer.hikari.HikariDataSource       : HikariPool-1 - Start completed.
2026-06-22T12:17:58.912+05:30  WARN 12868 --- [locking-demo] [           main] org.hibernate.orm.deprecation            : HHH90000025: MySQLDialect does not need to be specified explicitly using 'hibernate.dialect' (remove the property setting and it will be selected by default)
2026-06-22T12:17:58.950+05:30  INFO 12868 --- [locking-demo] [           main] org.hibernate.orm.connections.pooling    : HHH10001005: Database info:
	Database JDBC URL [Connecting through datasource 'HikariDataSource (HikariPool-1)']
	Database driver: undefined/unknown
	Database version: 8.0.32
	Autocommit mode: undefined/unknown
	Isolation level: undefined/unknown
	Minimum pool size: undefined/unknown
	Maximum pool size: undefined/unknown
2026-06-22T12:18:00.102+05:30  INFO 12868 --- [locking-demo] [           main] o.h.e.t.j.p.i.JtaPlatformInitiator       : HHH000489: No JTA platform available (set 'hibernate.transaction.jta.platform' to enable JTA platform integration)
2026-06-22T12:18:00.189+05:30  INFO 12868 --- [locking-demo] [           main] j.LocalContainerEntityManagerFactoryBean : Initialized JPA EntityManagerFactory for persistence unit 'default'
2026-06-22T12:18:00.622+05:30  INFO 12868 --- [locking-demo] [           main] o.s.d.j.r.query.QueryEnhancerFactory     : Hibernate is in classpath; If applicable, HQL parser will be used.
2026-06-22T12:18:01.939+05:30  WARN 12868 --- [locking-demo] [           main] JpaBaseConfiguration$JpaWebConfiguration : spring.jpa.open-in-view is enabled by default. Therefore, database queries may be performed during view rendering. Explicitly configure spring.jpa.open-in-view to disable this warning
2026-06-22T12:18:04.761+05:30  INFO 12868 --- [locking-demo] [           main] c.j.LockingDemoApplicationTests          : Started LockingDemoApplicationTests in 9.832 seconds (process running for 16.224)
]]></system-out>
  </testcase>
</testsuite>