<?xml version="1.0" encoding="UTF-8"?>
<testsuite xmlns:xsi="http://www.w3.org/2001/XMLSchema-instance" xsi:noNamespaceSchemaLocation="https://maven.apache.org/surefire/maven-surefire-plugin/xsd/surefire-test-report.xsd" name="com.javatechie.spring.mockito.api.SpringBootMockitoApplicationTests" time="10.039" tests="4" errors="0" skipped="0" failures="0">
  <properties>
[...]
</properties>
  <testcase name="getUserbyAddressTest" classname="com.javatechie.spring.mockito.api.SpringBootMockitoApplicationTests" time="0.046"/>
  <testcase name="saveUserTest" classname="com.javatechie.spring.mockito.api.SpringBootMockitoApplicationTests" time="0.004"/>
  <testcase name="getUsersTest" classname="com.javatechie.spring.mockito.api.SpringBootMockitoApplicationTests" time="0.005"/>
  <testcase name="deleteUserTest" classname="com.javatechie.spring.mockito.api.SpringBootMockitoApplicationTests" time="0.018"/>
</testsuite>